Determining if the pthread_create exist failed with the following output:
Change Dir: /home/ee303/Documents/ds2_pytorch_ME/warp-ctc/build/CMakeFiles/CMakeTmp

Run Build Command:"/home/ee303/anaconda3/bin/make" "cmTC_4ec50/fast"
/home/ee303/anaconda3/bin/make -f CMakeFiles/cmTC_4ec50.dir/build.make CMakeFiles/cmTC_4ec50.dir/build
make[1]: Entering directory '/home/ee303/Documents/ds2_pytorch_ME/warp-ctc/build/CMakeFiles/CMakeTmp'
Building C object CMakeFiles/cmTC_4ec50.dir/CheckSymbolExists.c.o
/usr/bin/cc    -fPIC    -o CMakeFiles/cmTC_4ec50.dir/CheckSymbolExists.c.o   -c /home/ee303/Documents/ds2_pytorch_ME/warp-ctc/build/CMakeFiles/CMakeTmp/CheckSymbolExists.c
Linking C executable cmTC_4ec50
/usr/bin/cmake -E cmake_link_script CMakeFiles/cmTC_4ec50.dir/link.txt --verbose=1
/usr/bin/cc  -fPIC     CMakeFiles/cmTC_4ec50.dir/CheckSymbolExists.c.o  -o cmTC_4ec50 -rdynamic 
CMakeFiles/cmTC_4ec50.dir/CheckSymbolExists.c.o: In function `main':
CheckSymbolExists.c:(.text+0x1b): undefined reference to `pthread_create'
collect2: error: ld returned 1 exit status
make[1]: *** [CMakeFiles/cmTC_4ec50.dir/build.make:98: cmTC_4ec50] Error 1
make[1]: Leaving directory '/home/ee303/Documents/ds2_pytorch_ME/warp-ctc/build/CMakeFiles/CMakeTmp'
make: *** [Makefile:126: cmTC_4ec50/fast] Error 2

File /home/ee303/Documents/ds2_pytorch_ME/warp-ctc/build/CMakeFiles/CMakeTmp/CheckSymbolExists.c:
/* */
#include <pthread.h>

int main(int argc, char** argv)
{
  (void)argv;
#ifndef pthread_create
  return ((int*)(&pthread_create))[argc];
#else
  (void)argc;
  return 0;
#endif
}

Determining if the function pthread_create exists in the pthreads failed with the following output:
Change Dir: /home/ee303/Documents/ds2_pytorch_ME/warp-ctc/build/CMakeFiles/CMakeTmp

Run Build Command:"/home/ee303/anaconda3/bin/make" "cmTC_46a19/fast"
/home/ee303/anaconda3/bin/make -f CMakeFiles/cmTC_46a19.dir/build.make CMakeFiles/cmTC_46a19.dir/build
make[1]: Entering directory '/home/ee303/Documents/ds2_pytorch_ME/warp-ctc/build/CMakeFiles/CMakeTmp'
Building C object CMakeFiles/cmTC_46a19.dir/CheckFunctionExists.c.o
/usr/bin/cc    -fPIC -DCHECK_FUNCTION_EXISTS=pthread_create   -o CMakeFiles/cmTC_46a19.dir/CheckFunctionExists.c.o   -c /usr/share/cmake-3.5/Modules/CheckFunctionExists.c
Linking C executable cmTC_46a19
/usr/bin/cmake -E cmake_link_script CMakeFiles/cmTC_46a19.dir/link.txt --verbose=1
/usr/bin/cc  -fPIC -DCHECK_FUNCTION_EXISTS=pthread_create    CMakeFiles/cmTC_46a19.dir/CheckFunctionExists.c.o  -o cmTC_46a19 -rdynamic -lpthreads 
/usr/bin/ld: cannot find -lpthreads
collect2: error: ld returned 1 exit status
make[1]: *** [CMakeFiles/cmTC_46a19.dir/build.make:98: cmTC_46a19] Error 1
make[1]: Leaving directory '/home/ee303/Documents/ds2_pytorch_ME/warp-ctc/build/CMakeFiles/CMakeTmp'
make: *** [Makefile:126: cmTC_46a19/fast] Error 2


